{
  "RSpec": {
    "coverage": {
      "/Users/dickson/challenges/netflix.chill/app/helpers/application_helper.rb": [
        1,
        null
      ],
      "/Users/dickson/challenges/netflix.chill/app/controllers/application_controller.rb": [
        1,
        null,
        null,
        1,
        1,
        null,
        1,
        null,
        1,
        4,
        0,
        null,
        null,
        4,
        4,
        null,
        null,
        4,
        0,
        null,
        null,
        null
      ],
      "/Users/dickson/challenges/netflix.chill/app/controllers/welcomes_controller.rb": [
        1,
        1,
        4,
        0,
        null,
        null,
        null
      ],
      "/Users/dickson/challenges/netflix.chill/app/controllers/profiles_controller.rb": [
        0,
        0,
        0,
        0,
        0,
        0,
        0,
        0,
        0,
        0,
        0,
        0,
        0
      ],
      "/Users/dickson/challenges/netflix.chill/app/controllers/shows_controller.rb": [
        0,
        0,
        0,
        0,
        0,
        0,
        0,
        0,
        0,
        0,
        0,
        0,
        0,
        0,
        0,
        0,
        0,
        0,
        0,
        0,
        0,
        0
      ],
      "/Users/dickson/challenges/netflix.chill/app/controllers/users_controller.rb": [
        0,
        0,
        0,
        0,
        0,
        0,
        0,
        0,
        0,
        0,
        0,
        0
      ],
      "/Users/dickson/challenges/netflix.chill/app/models/chill.rb": [
        0,
        0,
        0,
        0,
        0,
        0,
        0,
        0,
        0,
        0,
        0,
        0
      ],
      "/Users/dickson/challenges/netflix.chill/app/models/show.rb": [
        0,
        0,
        0,
        0,
        0,
        0
      ],
      "/Users/dickson/challenges/netflix.chill/app/models/user.rb": [
        0,
        0,
        0,
        0,
        0,
        0,
        0,
        0,
        0,
        0,
        0,
        0,
        0,
        0,
        0,
        0,
        0
      ],
      "/Users/dickson/challenges/netflix.chill/app/models/watchedshow.rb": [
        0,
        0,
        0,
        0,
        0,
        0,
        0,
        0
      ],
      "/Users/dickson/challenges/netflix.chill/app/uploaders/avatar_uploader.rb": [
        0,
        0,
        0,
        0,
        0,
        0,
        0,
        0,
        0,
        0,
        0,
        0,
        0,
        0,
        0,
        0,
        0,
        0,
        0,
        0,
        0,
        0,
        0,
        0,
        0,
        0,
        0,
        0,
        0,
        0,
        0,
        0,
        0,
        0
      ]
    },
    "timestamp": 1461340235
  }
}
